app/build/intermediates/manifest_merge_blame_file/release/manifest-merger-blame-release-report.txt
1<?xml version="1.0" encoding="utf-8"?>
2<manifest xmlns:android="http://schemas.android.com/apk/res/android"
3    package="com.team.sear.kcpt"
4    android:versionCode="18"
5    android:versionName="2.7.1" >
6
7    <uses-sdk
8        android:minSdkVersion="21"
8-->src\main\AndroidManifest.xml
9        android:targetSdkVersion="29" />
9-->src\main\AndroidManifest.xml
10
11    <uses-permission android:name="android.permission.ACCESS_WIFI_STATE" />
11-->src\main\AndroidManifest.xml:51:5-76
11-->src\main\AndroidManifest.xml:51:22-73
12    <uses-permission android:name="android.permission.INTERNET" />
12-->src\main\AndroidManifest.xml:52:5-67
12-->src\main\AndroidManifest.xml:52:22-64
13    <uses-permission android:name="android.permission.ACCESS_NETWORK_STATE" />
13-->src\main\AndroidManifest.xml:54:5-79
13-->src\main\AndroidManifest.xml:54:22-76
14    <uses-permission android:name="android.permission.WAKE_LOCK" /> <!-- Required by older versions of Google Play services to create IID tokens -->
14-->[com.google.android.gms:play-services-measurement-api:17.2.1] AndroidManifest.xml:24:5-68
14-->[com.google.android.gms:play-services-measurement-api:17.2.1] AndroidManifest.xml:24:22-65
15    <uses-permission android:name="com.google.android.c2dm.permission.RECEIVE" />
15-->[com.google.firebase:firebase-iid:20.0.0] AndroidManifest.xml:26:5-82
15-->[com.google.firebase:firebase-iid:20.0.0] AndroidManifest.xml:26:22-79
16    <uses-permission android:name="com.google.android.finsky.permission.BIND_GET_INSTALL_REFERRER_SERVICE" />
16-->[com.google.android.gms:play-services-measurement:17.2.1] AndroidManifest.xml:26:5-110
16-->[com.google.android.gms:play-services-measurement:17.2.1] AndroidManifest.xml:26:22-107
17
18    <application
18-->src\main\AndroidManifest.xml:9:5-50:19
19        android:allowBackup="true"
19-->src\main\AndroidManifest.xml:10:9-35
20        android:appComponentFactory="androidx.core.app.CoreComponentFactory"
20-->[androidx.core:core:1.1.0] AndroidManifest.xml:24:18-86
21        android:icon="@mipmap/ic_launcher"
21-->src\main\AndroidManifest.xml:11:9-43
22        android:label="@string/app_name"
22-->src\main\AndroidManifest.xml:12:9-41
23        android:largeHeap="true"
23-->src\main\AndroidManifest.xml:13:9-33
24        android:roundIcon="@mipmap/ic_launcher_round"
24-->src\main\AndroidManifest.xml:14:9-54
25        android:supportsRtl="true"
25-->src\main\AndroidManifest.xml:15:9-35
26        android:theme="@style/AppTheme" >
26-->src\main\AndroidManifest.xml:16:9-40
27        <activity android:name="com.team.sear.kcpt.DevelopersActivity" />
27-->src\main\AndroidManifest.xml:17:9-56
27-->src\main\AndroidManifest.xml:17:19-53
28        <activity android:name="com.team.sear.kcpt.timetablefragments.MainActivity" />
28-->src\main\AndroidManifest.xml:18:9-69
28-->src\main\AndroidManifest.xml:18:19-66
29        <activity android:name="com.team.sear.kcpt.RegistrationNew" />
29-->src\main\AndroidManifest.xml:19:9-53
29-->src\main\AndroidManifest.xml:19:19-50
30        <activity android:name="com.team.sear.kcpt.PrivacyPolytics" />
30-->src\main\AndroidManifest.xml:20:9-53
30-->src\main\AndroidManifest.xml:20:19-50
31        <activity
31-->src\main\AndroidManifest.xml:21:9-23:52
32            android:name="com.team.sear.kcpt.timetablefragments.SelectTimeTableForApp"
32-->src\main\AndroidManifest.xml:22:13-69
33            android:screenOrientation="portrait" />
33-->src\main\AndroidManifest.xml:23:13-49
34        <activity
34-->src\main\AndroidManifest.xml:24:9-26:52
35            android:name="com.team.sear.kcpt.oldclasses.Registration"
35-->src\main\AndroidManifest.xml:25:13-52
36            android:screenOrientation="portrait" />
36-->src\main\AndroidManifest.xml:26:13-49
37        <activity
37-->src\main\AndroidManifest.xml:27:9-29:52
38            android:name="com.team.sear.kcpt.OneMinuteGame"
38-->src\main\AndroidManifest.xml:28:13-42
39            android:screenOrientation="portrait" />
39-->src\main\AndroidManifest.xml:29:13-49
40        <activity
40-->src\main\AndroidManifest.xml:30:9-34:47
41            android:name="com.team.sear.kcpt.oldclasses.Navigate"
41-->src\main\AndroidManifest.xml:31:13-48
42            android:label="КЦПТ"
42-->src\main\AndroidManifest.xml:32:13-33
43            android:screenOrientation="portrait"
43-->src\main\AndroidManifest.xml:33:13-49
44            android:theme="@style/AppTheme" />
44-->src\main\AndroidManifest.xml:34:13-44
45        <activity
45-->src\main\AndroidManifest.xml:35:9-43:20
46            android:name="com.team.sear.kcpt.Splash"
46-->src\main\AndroidManifest.xml:36:13-35
47            android:screenOrientation="portrait" >
47-->src\main\AndroidManifest.xml:37:13-49
48            <intent-filter>
48-->src\main\AndroidManifest.xml:38:13-42:29
49                <action android:name="android.intent.action.MAIN" />
49-->src\main\AndroidManifest.xml:39:17-69
49-->src\main\AndroidManifest.xml:39:25-66
50
51                <category android:name="android.intent.category.LAUNCHER" />
51-->src\main\AndroidManifest.xml:41:17-77
51-->src\main\AndroidManifest.xml:41:27-74
52            </intent-filter>
53        </activity>
54
55        <service android:name="com.team.sear.kcpt.objects.MyFirebaseMessagingService" >
55-->src\main\AndroidManifest.xml:45:9-49:19
55-->src\main\AndroidManifest.xml:45:18-68
56            <intent-filter>
56-->src\main\AndroidManifest.xml:46:13-48:29
57                <action android:name="com.google.firebase.MESSAGING_EVENT" />
57-->src\main\AndroidManifest.xml:47:17-78
57-->src\main\AndroidManifest.xml:47:25-75
58            </intent-filter>
59        </service>
60        <!--
61             FirebaseMessagingService performs security checks at runtime,
62             but set to not exported to explicitly avoid allowing another app to call it.
63        -->
64        <service
64-->[com.google.firebase:firebase-messaging:20.0.0] AndroidManifest.xml:28:9-34:19
65            android:name="com.google.firebase.messaging.FirebaseMessagingService"
65-->[com.google.firebase:firebase-messaging:20.0.0] AndroidManifest.xml:29:13-82
66            android:exported="false" >
66-->[com.google.firebase:firebase-messaging:20.0.0] AndroidManifest.xml:30:13-37
67            <intent-filter android:priority="-500" >
67-->src\main\AndroidManifest.xml:46:13-48:29
68                <action android:name="com.google.firebase.MESSAGING_EVENT" />
68-->src\main\AndroidManifest.xml:47:17-78
68-->src\main\AndroidManifest.xml:47:25-75
69            </intent-filter>
70        </service>
71        <service
71-->[com.google.firebase:firebase-database:19.2.0] AndroidManifest.xml:29:9-35:19
72            android:name="com.google.firebase.components.ComponentDiscoveryService"
72-->[com.google.firebase:firebase-database:19.2.0] AndroidManifest.xml:30:13-84
73            android:directBootAware="true"
73-->[com.google.firebase:firebase-common:19.2.0] AndroidManifest.xml:15:13-43
74            android:exported="false" >
74-->[com.google.firebase:firebase-database:19.2.0] AndroidManifest.xml:31:13-37
75            <meta-data
75-->[com.google.firebase:firebase-database:19.2.0] AndroidManifest.xml:32:13-34:85
76                android:name="com.google.firebase.components:com.google.firebase.database.DatabaseRegistrar"
76-->[com.google.firebase:firebase-database:19.2.0] AndroidManifest.xml:33:17-109
77                android:value="com.google.firebase.components.ComponentRegistrar" />
77-->[com.google.firebase:firebase-database:19.2.0] AndroidManifest.xml:34:17-82
78            <meta-data
78-->[com.google.firebase:firebase-auth:19.1.0] AndroidManifest.xml:36:13-38:85
79                android:name="com.google.firebase.components:com.google.firebase.auth.FirebaseAuthRegistrar"
79-->[com.google.firebase:firebase-auth:19.1.0] AndroidManifest.xml:37:17-109
80                android:value="com.google.firebase.components.ComponentRegistrar" />
80-->[com.google.firebase:firebase-auth:19.1.0] AndroidManifest.xml:38:17-82
81            <meta-data
81-->[com.google.firebase:firebase-storage:19.1.0] AndroidManifest.xml:33:13-35:85
82                android:name="com.google.firebase.components:com.google.firebase.storage.StorageRegistrar"
82-->[com.google.firebase:firebase-storage:19.1.0] AndroidManifest.xml:34:17-107
83                android:value="com.google.firebase.components.ComponentRegistrar" />
83-->[com.google.firebase:firebase-storage:19.1.0] AndroidManifest.xml:35:17-82
84            <meta-data
84-->[com.google.android.gms:play-services-measurement-api:17.2.1] AndroidManifest.xml:30:13-32:85
85                android:name="com.google.firebase.components:com.google.firebase.analytics.connector.internal.AnalyticsConnectorRegistrar"
85-->[com.google.android.gms:play-services-measurement-api:17.2.1] AndroidManifest.xml:31:17-139
86                android:value="com.google.firebase.components.ComponentRegistrar" />
86-->[com.google.android.gms:play-services-measurement-api:17.2.1] AndroidManifest.xml:32:17-82
87            <meta-data
87-->[com.google.firebase:firebase-iid:20.0.0] AndroidManifest.xml:32:13-34:85
88                android:name="com.google.firebase.components:com.google.firebase.iid.Registrar"
88-->[com.google.firebase:firebase-iid:20.0.0] AndroidManifest.xml:33:17-96
89                android:value="com.google.firebase.components.ComponentRegistrar" />
89-->[com.google.firebase:firebase-iid:20.0.0] AndroidManifest.xml:34:17-82
90        </service>
91
92        <activity
92-->[com.google.firebase:firebase-auth:19.1.0] AndroidManifest.xml:24:9-31:50
93            android:name="com.google.firebase.auth.internal.FederatedSignInActivity"
93-->[com.google.firebase:firebase-auth:19.1.0] AndroidManifest.xml:25:13-85
94            android:excludeFromRecents="true"
94-->[com.google.firebase:firebase-auth:19.1.0] AndroidManifest.xml:26:13-46
95            android:exported="true"
95-->[com.google.firebase:firebase-auth:19.1.0] AndroidManifest.xml:27:13-36
96            android:launchMode="singleTask"
96-->[com.google.firebase:firebase-auth:19.1.0] AndroidManifest.xml:28:13-44
97            android:permission="com.google.firebase.auth.api.gms.permission.LAUNCH_FEDERATED_SIGN_IN"
97-->[com.google.firebase:firebase-auth:19.1.0] AndroidManifest.xml:29:13-102
98            android:theme="@android:style/Theme.Translucent.NoTitleBar" />
98-->[com.google.firebase:firebase-auth:19.1.0] AndroidManifest.xml:30:13-72
99
100        <provider
100-->[com.squareup.picasso:picasso:2.71828] AndroidManifest.xml:8:9-11:40
101            android:name="com.squareup.picasso.PicassoProvider"
101-->[com.squareup.picasso:picasso:2.71828] AndroidManifest.xml:9:13-64
102            android:authorities="com.team.sear.kcpt.com.squareup.picasso"
102-->[com.squareup.picasso:picasso:2.71828] AndroidManifest.xml:10:13-72
103            android:exported="false" />
103-->[com.squareup.picasso:picasso:2.71828] AndroidManifest.xml:11:13-37
104
105        <receiver
105-->[com.google.firebase:firebase-iid:20.0.0] AndroidManifest.xml:37:9-44:20
106            android:name="com.google.firebase.iid.FirebaseInstanceIdReceiver"
106-->[com.google.firebase:firebase-iid:20.0.0] AndroidManifest.xml:38:13-78
107            android:exported="true"
107-->[com.google.firebase:firebase-iid:20.0.0] AndroidManifest.xml:39:13-36
108            android:permission="com.google.android.c2dm.permission.SEND" >
108-->[com.google.firebase:firebase-iid:20.0.0] AndroidManifest.xml:40:13-73
109            <intent-filter>
109-->[com.google.firebase:firebase-iid:20.0.0] AndroidManifest.xml:41:13-43:29
110                <action android:name="com.google.android.c2dm.intent.RECEIVE" />
110-->[com.google.firebase:firebase-iid:20.0.0] AndroidManifest.xml:42:17-81
110-->[com.google.firebase:firebase-iid:20.0.0] AndroidManifest.xml:42:25-78
111            </intent-filter>
112        </receiver>
113
114        <provider
114-->[com.google.firebase:firebase-common:19.2.0] AndroidManifest.xml:19:9-23:39
115            android:name="com.google.firebase.provider.FirebaseInitProvider"
115-->[com.google.firebase:firebase-common:19.2.0] AndroidManifest.xml:20:13-77
116            android:authorities="com.team.sear.kcpt.firebaseinitprovider"
116-->[com.google.firebase:firebase-common:19.2.0] AndroidManifest.xml:21:13-72
117            android:exported="false"
117-->[com.google.firebase:firebase-common:19.2.0] AndroidManifest.xml:22:13-37
118            android:initOrder="100" />
118-->[com.google.firebase:firebase-common:19.2.0] AndroidManifest.xml:23:13-36
119
120        <activity
120-->[com.google.android.gms:play-services-base:17.1.0] AndroidManifest.xml:23:9-26:75
121            android:name="com.google.android.gms.common.api.GoogleApiActivity"
121-->[com.google.android.gms:play-services-base:17.1.0] AndroidManifest.xml:24:13-79
122            android:exported="false"
122-->[com.google.android.gms:play-services-base:17.1.0] AndroidManifest.xml:25:13-37
123            android:theme="@android:style/Theme.Translucent.NoTitleBar" />
123-->[com.google.android.gms:play-services-base:17.1.0] AndroidManifest.xml:26:13-72
124
125        <receiver
125-->[com.google.android.gms:play-services-measurement:17.2.1] AndroidManifest.xml:29:9-33:20
126            android:name="com.google.android.gms.measurement.AppMeasurementReceiver"
126-->[com.google.android.gms:play-services-measurement:17.2.1] AndroidManifest.xml:30:13-85
127            android:enabled="true"
127-->[com.google.android.gms:play-services-measurement:17.2.1] AndroidManifest.xml:31:13-35
128            android:exported="false" >
128-->[com.google.android.gms:play-services-measurement:17.2.1] AndroidManifest.xml:32:13-37
129        </receiver>
130        <receiver
130-->[com.google.android.gms:play-services-measurement:17.2.1] AndroidManifest.xml:34:9-42:20
131            android:name="com.google.android.gms.measurement.AppMeasurementInstallReferrerReceiver"
131-->[com.google.android.gms:play-services-measurement:17.2.1] AndroidManifest.xml:35:13-100
132            android:enabled="true"
132-->[com.google.android.gms:play-services-measurement:17.2.1] AndroidManifest.xml:36:13-35
133            android:exported="true"
133-->[com.google.android.gms:play-services-measurement:17.2.1] AndroidManifest.xml:37:13-36
134            android:permission="android.permission.INSTALL_PACKAGES" >
134-->[com.google.android.gms:play-services-measurement:17.2.1] AndroidManifest.xml:38:13-69
135            <intent-filter>
135-->[com.google.android.gms:play-services-measurement:17.2.1] AndroidManifest.xml:39:13-41:29
136                <action android:name="com.android.vending.INSTALL_REFERRER" />
136-->[com.google.android.gms:play-services-measurement:17.2.1] AndroidManifest.xml:40:17-79
136-->[com.google.android.gms:play-services-measurement:17.2.1] AndroidManifest.xml:40:25-76
137            </intent-filter>
138        </receiver>
139
140        <service
140-->[com.google.android.gms:play-services-measurement:17.2.1] AndroidManifest.xml:44:9-47:40
141            android:name="com.google.android.gms.measurement.AppMeasurementService"
141-->[com.google.android.gms:play-services-measurement:17.2.1] AndroidManifest.xml:45:13-84
142            android:enabled="true"
142-->[com.google.android.gms:play-services-measurement:17.2.1] AndroidManifest.xml:46:13-35
143            android:exported="false" />
143-->[com.google.android.gms:play-services-measurement:17.2.1] AndroidManifest.xml:47:13-37
144        <service
144-->[com.google.android.gms:play-services-measurement:17.2.1] AndroidManifest.xml:48:9-52:72
145            android:name="com.google.android.gms.measurement.AppMeasurementJobService"
145-->[com.google.android.gms:play-services-measurement:17.2.1] AndroidManifest.xml:49:13-87
146            android:enabled="true"
146-->[com.google.android.gms:play-services-measurement:17.2.1] AndroidManifest.xml:50:13-35
147            android:exported="false"
147-->[com.google.android.gms:play-services-measurement:17.2.1] AndroidManifest.xml:51:13-37
148            android:permission="android.permission.BIND_JOB_SERVICE" />
148-->[com.google.android.gms:play-services-measurement:17.2.1] AndroidManifest.xml:52:13-69
149
150        <meta-data
150-->[com.google.android.gms:play-services-basement:17.0.0] AndroidManifest.xml:23:9-25:69
151            android:name="com.google.android.gms.version"
151-->[com.google.android.gms:play-services-basement:17.0.0] AndroidManifest.xml:24:13-58
152            android:value="@integer/google_play_services_version" />
152-->[com.google.android.gms:play-services-basement:17.0.0] AndroidManifest.xml:25:13-66
153    </application>
154
155</manifest>